<?xml version="1.0" encoding="UTF-8"?>
<!-- Generated by org.testng.reporters.JUnitXMLReporter -->
<testsuite ignored="2" hostname="LAPTOP-5SK5IIJD" failures="0" tests="1" name="student 2" time="0.058" errors="0" timestamp="2021-06-22T23:34:52 IST">
  <testcase classname="com.sushen.SmallProject.Student" name="test" time="0.01"/>
  <testcase classname="com.sushen.SmallProject.Student2" name="login" time="0.0">
    <ignored/>
  </testcase> <!-- login -->
  <testcase classname="com.sushen.SmallProject.Student" name="cp" time="0.0">
    <ignored/>
  </testcase> <!-- cp -->
</testsuite> <!-- student 2 -->
