<?xml version="1.0" encoding="UTF-8"?>
<!-- Generated by org.testng.reporters.JUnitXMLReporter -->
<testsuite ignored="0" hostname="LAPTOP-5SK5IIJD" failures="0" tests="4" name="Test" time="59.273" errors="0" timestamp="2021-06-22T22:42:40 IST">
  <testcase classname="com.sushen.SmallProject.AppTest" name="test" time="5.056"/>
  <testcase classname="com.sushen.SmallProject.Student" name="test" time="0.001"/>
  <testcase classname="com.sushen.SmallProject.Student2" name="login" time="0.002"/>
  <testcase classname="com.sushen.SmallProject.TestScript" name="login" time="28.99"/>
</testsuite> <!-- Test -->
