<?xml version="1.0" encoding="UTF-8"?>
<testng-results ignored="0" total="2" passed="2" failed="0" skipped="0">
  <reporter-output>
  </reporter-output>
  <suite started-at="2021-06-25T13:08:10 IST" name="Suite" finished-at="2021-06-25T13:09:06 IST" duration-ms="55707">
    <groups>
    </groups>
    <test started-at="2021-06-25T13:08:10 IST" name="Test" finished-at="2021-06-25T13:09:06 IST" duration-ms="55707">
      <class name="com.sushen.SmallProject.TestScript">
        <test-method is-config="true" signature="setup()[pri:0, instance:com.sushen.SmallProject.TestScript@670002]" started-at="2021-06-25T13:08:37 IST" name="setup" finished-at="2021-06-25T13:08:39 IST" duration-ms="2021" status="PASS">
          <reporter-output>
          </reporter-output>
        </test-method> <!-- setup -->
        <test-method signature="login()[pri:0, instance:com.sushen.SmallProject.TestScript@670002]" started-at="2021-06-25T13:08:39 IST" name="login" finished-at="2021-06-25T13:09:00 IST" duration-ms="21003" status="PASS">
          <reporter-output>
          </reporter-output>
        </test-method> <!-- login -->
      </class> <!-- com.sushen.SmallProject.TestScript -->
      <class name="com.sushen.SmallProject.AppTest">
        <test-method is-config="true" signature="launching()[pri:0, instance:com.sushen.SmallProject.AppTest@794cb805]" started-at="2021-06-25T13:08:10 IST" name="launching" finished-at="2021-06-25T13:08:37 IST" duration-ms="27278" status="PASS">
          <reporter-output>
          </reporter-output>
        </test-method> <!-- launching -->
        <test-method signature="test()[pri:0, instance:com.sushen.SmallProject.AppTest@794cb805]" started-at="2021-06-25T13:09:00 IST" name="test" finished-at="2021-06-25T13:09:06 IST" duration-ms="5340" status="PASS">
          <reporter-output>
          </reporter-output>
        </test-method> <!-- test -->
      </class> <!-- com.sushen.SmallProject.AppTest -->
    </test> <!-- Test -->
  </suite> <!-- Suite -->
</testng-results>
