<?xml version="1.0" encoding="UTF-8"?>
<testng-results ignored="0" total="1" passed="1" failed="0" skipped="0">
  <reporter-output>
  </reporter-output>
  <suite started-at="2021-07-23T23:47:11 IST" name="Default suite" finished-at="2021-07-23T23:47:23 IST" duration-ms="12343">
    <groups>
    </groups>
    <test started-at="2021-07-23T23:47:11 IST" name="Default test" finished-at="2021-07-23T23:47:23 IST" duration-ms="12343">
      <class name="com.sushen.SmallProject.DatabaseDemo">
        <test-method signature="databaseTest(java.lang.String,java.lang.String,java.lang.String,java.lang.String,java.lang.String,java.lang.String)[pri:0, instance:com.sushen.SmallProject.DatabaseDemo@74751b3]" started-at="2021-07-23T23:47:11 IST" name="databaseTest" data-provider="getData" finished-at="2021-07-23T23:47:23 IST" duration-ms="12293" status="PASS">
          <params>
            <param index="0">
              <value>
                <![CDATA[sgfkushen]]>
              </value>
            </param>
            <param index="1">
              <value>
                <![CDATA[sur]]>
              </value>
            </param>
            <param index="2">
              <value>
                <![CDATA[su17452s@gmail.com]]>
              </value>
            </param>
            <param index="3">
              <value>
                <![CDATA[9326520082]]>
              </value>
            </param>
            <param index="4">
              <value>
                <![CDATA[sushen74558]]>
              </value>
            </param>
            <param index="5">
              <value>
                <![CDATA[sushen74558]]>
              </value>
            </param>
          </params>
          <reporter-output>
          </reporter-output>
        </test-method> <!-- databaseTest -->
      </class> <!-- com.sushen.SmallProject.DatabaseDemo -->
    </test> <!-- Default test -->
  </suite> <!-- Default suite -->
</testng-results>
